<?xml version="1.0" encoding="UTF-8"?>
<testsuite xmlns:xsi="http://www.w3.org/2001/XMLSchema-instance" xsi:noNamespaceSchemaLocation="https://maven.apache.org/surefire/maven-surefire-plugin/xsd/surefire-test-report-3.0.xsd" version="3.0" name="br.com.anagram.AnagramGeneratorTest" time="0.255" tests="5" errors="0" skipped="0" failures="0">
  <properties>
[...]
</properties>
  <testcase name="testGenerateAnagrams_NullInput_ThrowsException" classname="br.com.anagram.AnagramGeneratorTest" time="0.059">
    <system-out><![CDATA[15:57:18.112 [main] INFO br.com.anagram.AnagramGeneratorTest -- ▶️ Starting: testGenerateAnagrams_NullInput_ThrowsException
15:57:18.124 [main] INFO br.com.anagram.AnagramGenerator -- Generating anagrams for input: 'null'
15:57:18.130 [main] INFO br.com.anagram.AnagramGeneratorTest -- Caught exception as expected: Input cannot be null or empty.
15:57:18.131 [main] INFO br.com.anagram.AnagramGeneratorTest -- ✅ Passed: testGenerateAnagrams_NullInput_ThrowsException
]]></system-out>
  </testcase>
  <testcase name="testGenerateAnagrams_InvalidCharacters_ThrowsException" classname="br.com.anagram.AnagramGeneratorTest" time="0.006">
    <system-out><![CDATA[15:57:18.153 [main] INFO br.com.anagram.AnagramGeneratorTest -- ▶️ Starting: testGenerateAnagrams_InvalidCharacters_ThrowsException
15:57:18.154 [main] INFO br.com.anagram.AnagramGenerator -- Generating anagrams for input: 'a1b'
15:57:18.155 [main] INFO br.com.anagram.AnagramGeneratorTest -- Caught exception as expected InvalidCharacters: Input must contain only letters.
15:57:18.155 [main] INFO br.com.anagram.AnagramGeneratorTest -- ✅ Passed: testGenerateAnagrams_InvalidCharacters_ThrowsException
]]></system-out>
  </testcase>
  <testcase name="testGenerateAnagrams_ValidInput" classname="br.com.anagram.AnagramGeneratorTest" time="0.016">
    <system-out><![CDATA[15:57:18.164 [main] INFO br.com.anagram.AnagramGeneratorTest -- ▶️ Starting: testGenerateAnagrams_ValidInput
15:57:18.165 [main] INFO br.com.anagram.AnagramGenerator -- Generating anagrams for input: 'abc'
15:57:18.177 [main] INFO br.com.anagram.AnagramGenerator -- Generated 6 anagrams
15:57:18.178 [main] INFO br.com.anagram.AnagramGeneratorTest -- Generated anagrams: [abc, acb, bac, bca, cab, cba]
15:57:18.178 [main] INFO br.com.anagram.AnagramGeneratorTest -- ✅ Passed: testGenerateAnagrams_ValidInput
]]></system-out>
  </testcase>
  <testcase name="testGenerateAnagrams_EmptyInput_ThrowsException" classname="br.com.anagram.AnagramGeneratorTest" time="0.004">
    <system-out><![CDATA[15:57:18.184 [main] INFO br.com.anagram.AnagramGeneratorTest -- ▶️ Starting: testGenerateAnagrams_EmptyInput_ThrowsException
15:57:18.185 [main] INFO br.com.anagram.AnagramGenerator -- Generating anagrams for input: ''
15:57:18.185 [main] INFO br.com.anagram.AnagramGeneratorTest -- Caught exception as expected EmptyInput: Input cannot be null or empty.
15:57:18.185 [main] INFO br.com.anagram.AnagramGeneratorTest -- ✅ Passed: testGenerateAnagrams_EmptyInput_ThrowsException
]]></system-out>
  </testcase>
  <testcase name="testGenerateAnagrams_WrongLength_ThrowsException" classname="br.com.anagram.AnagramGeneratorTest" time="0.003">
    <system-out><![CDATA[15:57:18.190 [main] INFO br.com.anagram.AnagramGeneratorTest -- ▶️ Starting: testGenerateAnagrams_WrongLength_ThrowsException
15:57:18.191 [main] INFO br.com.anagram.AnagramGenerator -- Generating anagrams for input: 'abcd'
15:57:18.191 [main] INFO br.com.anagram.AnagramGeneratorTest -- Caught exception as expected WrongLength: This implementation supports only 3-letter strings.
15:57:18.191 [main] INFO br.com.anagram.AnagramGeneratorTest -- ✅ Passed: testGenerateAnagrams_WrongLength_ThrowsException
]]></system-out>
  </testcase>
</testsuite>